000 (210561.007.000) 01/04 19:28:07 Job submitted from host: <161.53.131.106:9618?addrs=161.53.131.106-9618&noUDP&sock=5473_99eb_4>
...
001 (210561.007.000) 01/04 19:28:12 Job executing on host: <161.53.131.106:9618?addrs=161.53.131.106-9618&noUDP&sock=5473_99eb_5>
...
006 (210561.007.000) 01/04 19:28:21 Image size of job updated: 711024
	155  -  MemoryUsage of job (MB)
	158664  -  ResidentSetSize of job (KB)
...
006 (210561.007.000) 01/04 19:29:07 Image size of job updated: 1603864
	155  -  MemoryUsage of job (MB)
	158664  -  ResidentSetSize of job (KB)
...
005 (210561.007.000) 01/04 19:29:07 Job terminated.
	(1) Normal termination (return value 0)
		Usr 0 00:00:20, Sys 0 00:00:03  -  Run Remote Usage
		Usr 0 00:00:00, Sys 0 00:00:00  -  Run Local Usage
		Usr 0 00:00:20, Sys 0 00:00:03  -  Total Remote Usage
		Usr 0 00:00:00, Sys 0 00:00:00  -  Total Local Usage
	0  -  Run Bytes Sent By Job
	0  -  Run Bytes Received By Job
	0  -  Total Bytes Sent By Job
	0  -  Total Bytes Received By Job
	Partitionable Resources :    Usage  Request Allocated 
	   Cpus                 :     1.00        1         1 
	   Disk (KB)            :     1           1    299902 
	   Memory (MB)          :   155           1      4268 
...
