000 (210561.014.000) 01/04 19:28:07 Job submitted from host: <161.53.131.106:9618?addrs=161.53.131.106-9618&noUDP&sock=5473_99eb_4>
...
001 (210561.014.000) 01/04 19:28:14 Job executing on host: <161.53.131.106:9618?addrs=161.53.131.106-9618&noUDP&sock=5473_99eb_5>
...
006 (210561.014.000) 01/04 19:28:23 Image size of job updated: 791032
	257  -  MemoryUsage of job (MB)
	263152  -  ResidentSetSize of job (KB)
...
006 (210561.014.000) 01/04 19:28:25 Image size of job updated: 873152
	257  -  MemoryUsage of job (MB)
	263156  -  ResidentSetSize of job (KB)
...
005 (210561.014.000) 01/04 19:28:25 Job terminated.
	(1) Normal termination (return value 0)
		Usr 0 00:00:05, Sys 0 00:00:02  -  Run Remote Usage
		Usr 0 00:00:00, Sys 0 00:00:00  -  Run Local Usage
		Usr 0 00:00:05, Sys 0 00:00:02  -  Total Remote Usage
		Usr 0 00:00:00, Sys 0 00:00:00  -  Total Local Usage
	0  -  Run Bytes Sent By Job
	0  -  Run Bytes Received By Job
	0  -  Total Bytes Sent By Job
	0  -  Total Bytes Received By Job
	Partitionable Resources :    Usage  Request Allocated 
	   Cpus                 :     0.99        1         1 
	   Disk (KB)            :     1           1    299902 
	   Memory (MB)          :   257           1      4268 
...
