000 (210561.015.000) 01/04 19:28:07 Job submitted from host: <161.53.131.106:9618?addrs=161.53.131.106-9618&noUDP&sock=5473_99eb_4>
...
001 (210561.015.000) 01/04 19:28:14 Job executing on host: <161.53.131.106:9618?addrs=161.53.131.106-9618&noUDP&sock=5473_99eb_5>
...
006 (210561.015.000) 01/04 19:28:23 Image size of job updated: 819260
	307  -  MemoryUsage of job (MB)
	313880  -  ResidentSetSize of job (KB)
...
006 (210561.015.000) 01/04 19:28:26 Image size of job updated: 917884
	307  -  MemoryUsage of job (MB)
	313880  -  ResidentSetSize of job (KB)
...
005 (210561.015.000) 01/04 19:28:26 Job terminated.
	(1) Normal termination (return value 0)
		Usr 0 00:00:06, Sys 0 00:00:02  -  Run Remote Usage
		Usr 0 00:00:00, Sys 0 00:00:00  -  Run Local Usage
		Usr 0 00:00:06, Sys 0 00:00:02  -  Total Remote Usage
		Usr 0 00:00:00, Sys 0 00:00:00  -  Total Local Usage
	0  -  Run Bytes Sent By Job
	0  -  Run Bytes Received By Job
	0  -  Total Bytes Sent By Job
	0  -  Total Bytes Received By Job
	Partitionable Resources :    Usage  Request Allocated 
	   Cpus                 :     1.01        1         1 
	   Disk (KB)            :     1           1    299902 
	   Memory (MB)          :   307           1      4268 
...
