000 (210561.010.000) 01/04 19:28:07 Job submitted from host: <161.53.131.106:9618?addrs=161.53.131.106-9618&noUDP&sock=5473_99eb_4>
...
001 (210561.010.000) 01/04 19:28:13 Job executing on host: <161.53.131.106:9618?addrs=161.53.131.106-9618&noUDP&sock=5473_99eb_5>
...
006 (210561.010.000) 01/04 19:28:21 Image size of job updated: 510916
	144  -  MemoryUsage of job (MB)
	147112  -  ResidentSetSize of job (KB)
...
006 (210561.010.000) 01/04 19:28:59 Image size of job updated: 1206908
	144  -  MemoryUsage of job (MB)
	147112  -  ResidentSetSize of job (KB)
...
005 (210561.010.000) 01/04 19:28:59 Job terminated.
	(1) Normal termination (return value 0)
		Usr 0 00:00:13, Sys 0 00:00:03  -  Run Remote Usage
		Usr 0 00:00:00, Sys 0 00:00:00  -  Run Local Usage
		Usr 0 00:00:13, Sys 0 00:00:03  -  Total Remote Usage
		Usr 0 00:00:00, Sys 0 00:00:00  -  Total Local Usage
	0  -  Run Bytes Sent By Job
	0  -  Run Bytes Received By Job
	0  -  Total Bytes Sent By Job
	0  -  Total Bytes Received By Job
	Partitionable Resources :    Usage  Request Allocated 
	   Cpus                 :     0.74        1         1 
	   Disk (KB)            :     1           1    299902 
	   Memory (MB)          :   144           1      4268 
...
