000 (210559.001.000) 01/04 18:57:31 Job submitted from host: <161.53.131.106:9618?addrs=161.53.131.106-9618&noUDP&sock=5473_99eb_4>
...
001 (210559.001.000) 01/04 18:57:39 Job executing on host: <161.53.131.106:9618?addrs=161.53.131.106-9618&noUDP&sock=5473_99eb_5>
...
006 (210559.001.000) 01/04 18:57:48 Image size of job updated: 456416
	132  -  MemoryUsage of job (MB)
	134172  -  ResidentSetSize of job (KB)
...
006 (210559.001.000) 01/04 18:58:23 Image size of job updated: 1230136
	132  -  MemoryUsage of job (MB)
	134172  -  ResidentSetSize of job (KB)
...
005 (210559.001.000) 01/04 18:58:23 Job terminated.
	(1) Normal termination (return value 0)
		Usr 0 00:00:13, Sys 0 00:00:03  -  Run Remote Usage
		Usr 0 00:00:00, Sys 0 00:00:00  -  Run Local Usage
		Usr 0 00:00:13, Sys 0 00:00:03  -  Total Remote Usage
		Usr 0 00:00:00, Sys 0 00:00:00  -  Total Local Usage
	0  -  Run Bytes Sent By Job
	0  -  Run Bytes Received By Job
	0  -  Total Bytes Sent By Job
	0  -  Total Bytes Received By Job
	Partitionable Resources :    Usage  Request Allocated 
	   Cpus                 :     0.09        1         1 
	   Disk (KB)            :     1           1    299902 
	   Memory (MB)          :   132           1      4268 
...
