000 (209656.026.000) 12/20 15:46:36 Job submitted from host: <161.53.131.106:9618?addrs=161.53.131.106-9618&noUDP&sock=5473_99eb_4>
...
001 (209656.026.000) 12/20 15:46:44 Job executing on host: <161.53.131.106:9618?addrs=161.53.131.106-9618&noUDP&sock=5473_99eb_5>
...
006 (209656.026.000) 12/20 15:46:53 Image size of job updated: 734656
	669  -  MemoryUsage of job (MB)
	684236  -  ResidentSetSize of job (KB)
...
006 (209656.026.000) 12/20 15:47:24 Image size of job updated: 2186612
	671  -  MemoryUsage of job (MB)
	686672  -  ResidentSetSize of job (KB)
...
005 (209656.026.000) 12/20 15:47:24 Job terminated.
	(1) Normal termination (return value 0)
		Usr 0 00:00:32, Sys 0 00:00:03  -  Run Remote Usage
		Usr 0 00:00:00, Sys 0 00:00:00  -  Run Local Usage
		Usr 0 00:00:32, Sys 0 00:00:03  -  Total Remote Usage
		Usr 0 00:00:00, Sys 0 00:00:00  -  Total Local Usage
	0  -  Run Bytes Sent By Job
	0  -  Run Bytes Received By Job
	0  -  Total Bytes Sent By Job
	0  -  Total Bytes Received By Job
	Partitionable Resources :    Usage  Request Allocated 
	   Cpus                 :     1.01        1         1 
	   Disk (KB)            :     1           1    299902 
	   Memory (MB)          :   671           1      4268 
...
