000 (209656.022.000) 12/20 15:46:36 Job submitted from host: <161.53.131.106:9618?addrs=161.53.131.106-9618&noUDP&sock=5473_99eb_4>
...
001 (209656.022.000) 12/20 15:46:44 Job executing on host: <161.53.131.106:9618?addrs=161.53.131.106-9618&noUDP&sock=5473_99eb_5>
...
006 (209656.022.000) 12/20 15:46:52 Image size of job updated: 440940
	144  -  MemoryUsage of job (MB)
	146480  -  ResidentSetSize of job (KB)
...
006 (209656.022.000) 12/20 15:49:11 Image size of job updated: 2212664
	144  -  MemoryUsage of job (MB)
	146480  -  ResidentSetSize of job (KB)
...
005 (209656.022.000) 12/20 15:49:11 Job terminated.
	(1) Normal termination (return value 0)
		Usr 0 00:00:28, Sys 0 00:00:04  -  Run Remote Usage
		Usr 0 00:00:00, Sys 0 00:00:00  -  Run Local Usage
		Usr 0 00:00:28, Sys 0 00:00:04  -  Total Remote Usage
		Usr 0 00:00:00, Sys 0 00:00:00  -  Total Local Usage
	0  -  Run Bytes Sent By Job
	0  -  Run Bytes Received By Job
	0  -  Total Bytes Sent By Job
	0  -  Total Bytes Received By Job
	Partitionable Resources :    Usage  Request Allocated 
	   Cpus                 :     1.00        1         1 
	   Disk (KB)            :     1           1    299902 
	   Memory (MB)          :   144           1      4268 
...
