000 (209656.016.000) 12/20 15:46:36 Job submitted from host: <161.53.131.106:9618?addrs=161.53.131.106-9618&noUDP&sock=5473_99eb_4>
...
001 (209656.016.000) 12/20 15:46:42 Job executing on host: <161.53.131.106:9618?addrs=161.53.131.106-9618&noUDP&sock=5473_99eb_5>
...
006 (209656.016.000) 12/20 15:46:51 Image size of job updated: 456416
	324  -  MemoryUsage of job (MB)
	331564  -  ResidentSetSize of job (KB)
...
006 (209656.016.000) 12/20 15:47:19 Image size of job updated: 2057288
	324  -  MemoryUsage of job (MB)
	331564  -  ResidentSetSize of job (KB)
...
005 (209656.016.000) 12/20 15:47:19 Job terminated.
	(1) Normal termination (return value 0)
		Usr 0 00:00:29, Sys 0 00:00:04  -  Run Remote Usage
		Usr 0 00:00:00, Sys 0 00:00:00  -  Run Local Usage
		Usr 0 00:00:29, Sys 0 00:00:04  -  Total Remote Usage
		Usr 0 00:00:00, Sys 0 00:00:00  -  Total Local Usage
	0  -  Run Bytes Sent By Job
	0  -  Run Bytes Received By Job
	0  -  Total Bytes Sent By Job
	0  -  Total Bytes Received By Job
	Partitionable Resources :    Usage  Request Allocated 
	   Cpus                 :     0.75        1         1 
	   Disk (KB)            :     1           1    299902 
	   Memory (MB)          :   324           1      4268 
...
