000 (209656.020.000) 12/20 15:46:36 Job submitted from host: <161.53.131.106:9618?addrs=161.53.131.106-9618&noUDP&sock=5473_99eb_4>
...
001 (209656.020.000) 12/20 15:46:43 Job executing on host: <161.53.131.106:9618?addrs=161.53.131.106-9618&noUDP&sock=5473_99eb_5>
...
006 (209656.020.000) 12/20 15:46:52 Image size of job updated: 434008
	132  -  MemoryUsage of job (MB)
	134252  -  ResidentSetSize of job (KB)
...
006 (209656.020.000) 12/20 15:49:02 Image size of job updated: 1929364
	132  -  MemoryUsage of job (MB)
	134252  -  ResidentSetSize of job (KB)
...
005 (209656.020.000) 12/20 15:49:02 Job terminated.
	(1) Normal termination (return value 0)
		Usr 0 00:00:22, Sys 0 00:00:03  -  Run Remote Usage
		Usr 0 00:00:00, Sys 0 00:00:00  -  Run Local Usage
		Usr 0 00:00:22, Sys 0 00:00:03  -  Total Remote Usage
		Usr 0 00:00:00, Sys 0 00:00:00  -  Total Local Usage
	0  -  Run Bytes Sent By Job
	0  -  Run Bytes Received By Job
	0  -  Total Bytes Sent By Job
	0  -  Total Bytes Received By Job
	Partitionable Resources :    Usage  Request Allocated 
	   Cpus                 :     1.01        1         1 
	   Disk (KB)            :     1           1    299902 
	   Memory (MB)          :   132           1      4268 
...
