000 (210560.015.000) 01/04 19:20:55 Job submitted from host: <161.53.131.106:9618?addrs=161.53.131.106-9618&noUDP&sock=5473_99eb_4>
...
001 (210560.015.000) 01/04 19:21:11 Job executing on host: <161.53.131.106:9618?addrs=161.53.131.106-9618&noUDP&sock=5473_99eb_5>
...
006 (210560.015.000) 01/04 19:21:20 Image size of job updated: 705944
	153  -  MemoryUsage of job (MB)
	155876  -  ResidentSetSize of job (KB)
...
006 (210560.015.000) 01/04 19:22:57 Image size of job updated: 2032136
	153  -  MemoryUsage of job (MB)
	155876  -  ResidentSetSize of job (KB)
...
005 (210560.015.000) 01/04 19:22:57 Job terminated.
	(1) Normal termination (return value 0)
		Usr 0 00:00:30, Sys 0 00:00:04  -  Run Remote Usage
		Usr 0 00:00:00, Sys 0 00:00:00  -  Run Local Usage
		Usr 0 00:00:30, Sys 0 00:00:04  -  Total Remote Usage
		Usr 0 00:00:00, Sys 0 00:00:00  -  Total Local Usage
	0  -  Run Bytes Sent By Job
	0  -  Run Bytes Received By Job
	0  -  Total Bytes Sent By Job
	0  -  Total Bytes Received By Job
	Partitionable Resources :    Usage  Request Allocated 
	   Cpus                 :     1.00        1         1 
	   Disk (KB)            :     1           1    299902 
	   Memory (MB)          :   153           1      4268 
...
