000 (210560.004.000) 01/04 19:20:55 Job submitted from host: <161.53.131.106:9618?addrs=161.53.131.106-9618&noUDP&sock=5473_99eb_4>
...
001 (210560.004.000) 01/04 19:21:10 Job executing on host: <161.53.131.106:9618?addrs=161.53.131.106-9618&noUDP&sock=5473_99eb_5>
...
006 (210560.004.000) 01/04 19:21:18 Image size of job updated: 681352
	169  -  MemoryUsage of job (MB)
	172756  -  ResidentSetSize of job (KB)
...
006 (210560.004.000) 01/04 19:22:09 Image size of job updated: 1421380
	170  -  MemoryUsage of job (MB)
	173332  -  ResidentSetSize of job (KB)
...
005 (210560.004.000) 01/04 19:22:09 Job terminated.
	(1) Normal termination (return value 0)
		Usr 0 00:00:19, Sys 0 00:00:02  -  Run Remote Usage
		Usr 0 00:00:00, Sys 0 00:00:00  -  Run Local Usage
		Usr 0 00:00:19, Sys 0 00:00:02  -  Total Remote Usage
		Usr 0 00:00:00, Sys 0 00:00:00  -  Total Local Usage
	0  -  Run Bytes Sent By Job
	0  -  Run Bytes Received By Job
	0  -  Total Bytes Sent By Job
	0  -  Total Bytes Received By Job
	Partitionable Resources :    Usage  Request Allocated 
	   Cpus                 :     1.00        1         1 
	   Disk (KB)            :     1           1    299902 
	   Memory (MB)          :   170           1      4268 
...
