000 (210560.020.000) 01/04 19:20:55 Job submitted from host: <161.53.131.106:9618?addrs=161.53.131.106-9618&noUDP&sock=5473_99eb_4>
...
001 (210560.020.000) 01/04 19:21:12 Job executing on host: <161.53.131.106:9618?addrs=161.53.131.106-9618&noUDP&sock=5473_99eb_5>
...
006 (210560.020.000) 01/04 19:21:21 Image size of job updated: 1323468
	972  -  MemoryUsage of job (MB)
	994796  -  ResidentSetSize of job (KB)
...
006 (210560.020.000) 01/04 19:22:17 Image size of job updated: 3438756
	975  -  MemoryUsage of job (MB)
	997680  -  ResidentSetSize of job (KB)
...
005 (210560.020.000) 01/04 19:22:17 Job terminated.
	(1) Normal termination (return value 0)
		Usr 0 00:00:56, Sys 0 00:00:04  -  Run Remote Usage
		Usr 0 00:00:00, Sys 0 00:00:00  -  Run Local Usage
		Usr 0 00:00:56, Sys 0 00:00:04  -  Total Remote Usage
		Usr 0 00:00:00, Sys 0 00:00:00  -  Total Local Usage
	0  -  Run Bytes Sent By Job
	0  -  Run Bytes Received By Job
	0  -  Total Bytes Sent By Job
	0  -  Total Bytes Received By Job
	Partitionable Resources :    Usage  Request Allocated 
	   Cpus                 :     0.99        1         1 
	   Disk (KB)            :     1           1    299902 
	   Memory (MB)          :   975           1      4268 
...
