000 (210560.009.000) 01/04 19:20:55 Job submitted from host: <161.53.131.106:9618?addrs=161.53.131.106-9618&noUDP&sock=5473_99eb_4>
...
001 (210560.009.000) 01/04 19:21:10 Job executing on host: <161.53.131.106:9618?addrs=161.53.131.106-9618&noUDP&sock=5473_99eb_5>
...
006 (210560.009.000) 01/04 19:21:19 Image size of job updated: 681360
	208  -  MemoryUsage of job (MB)
	212608  -  ResidentSetSize of job (KB)
...
006 (210560.009.000) 01/04 19:21:22 Image size of job updated: 843168
	208  -  MemoryUsage of job (MB)
	212608  -  ResidentSetSize of job (KB)
...
005 (210560.009.000) 01/04 19:21:22 Job terminated.
	(1) Normal termination (return value 0)
		Usr 0 00:00:04, Sys 0 00:00:01  -  Run Remote Usage
		Usr 0 00:00:00, Sys 0 00:00:00  -  Run Local Usage
		Usr 0 00:00:04, Sys 0 00:00:01  -  Total Remote Usage
		Usr 0 00:00:00, Sys 0 00:00:00  -  Total Local Usage
	0  -  Run Bytes Sent By Job
	0  -  Run Bytes Received By Job
	0  -  Total Bytes Sent By Job
	0  -  Total Bytes Received By Job
	Partitionable Resources :    Usage  Request Allocated 
	   Cpus                 :     0.20        1         1 
	   Disk (KB)            :     1           1    299902 
	   Memory (MB)          :   208           1      4268 
...
